<?xml version="1.0" encoding="UTF-8"?>
<!-- Generated by org.testng.reporters.JUnitXMLReporter -->
<testsuite ignored="4" hostname="TYSS-Shobha" failures="0" tests="2" name="Test1" time="50.776" errors="0" timestamp="2023-06-26T11:30:22 IST">
  <testcase classname="Organization.CreateOrganizationTest" name="createOrganizationTest" time="23.211"/>
  <testcase classname="Campaigns.CreateCampaignTest" name="createCampaignTest" time="14.184"/>
  <testcase classname="Generic_utility.BaseClass" name="@BeforeTest beforeTest" time="0.0">
    <ignored/>
  </testcase> <!-- @BeforeTest beforeTest -->
  <testcase classname="Generic_utility.BaseClass" name="@AfterTest afterTest" time="0.0">
    <ignored/>
  </testcase> <!-- @AfterTest afterTest -->
  <testcase classname="Generic_utility.BaseClass" name="@BeforeSuite beforeSuite" time="0.0">
    <ignored/>
  </testcase> <!-- @BeforeSuite beforeSuite -->
  <testcase classname="Generic_utility.BaseClass" name="@AfterSuite afterSuite" time="0.0">
    <ignored/>
  </testcase> <!-- @AfterSuite afterSuite -->
</testsuite> <!-- Test1 -->
