<?xml version="1.0" encoding="UTF-8"?>
<!-- Generated by org.testng.reporters.JUnitXMLReporter -->
<testsuite ignored="0" hostname="TYSS-Shobha" failures="0" tests="1" name="Test" time="2.958" errors="0" timestamp="2023-06-30T11:03:18 IST">
  <testcase classname="Generic_utility.BaseClass" name="@BeforeMethod beforeMethod" time="0.857">
    <failure type="java.lang.NoSuchMethodError" message="&amp;apos;void org.openqa.selenium.support.PageFactory.initElements(org.openqa.selenium.SearchContext, java.lang.Object)&amp;apos;">
      <![CDATA[java.lang.NoSuchMethodError: 'void org.openqa.selenium.support.PageFactory.initElements(org.openqa.selenium.SearchContext, java.lang.Object)'
at OrganizationPom.LoginPage1.<init>(LoginPage1.java:14)
at Generic_utility.BaseClass.beforeMethod(BaseClass.java:77)
at java.base/java.util.ArrayList.forEach(ArrayList.java:1511)
... Removed 31 stack frames]]>
    </failure>
  </testcase> <!-- @BeforeMethod beforeMethod -->
  <testcase classname="Generic_utility.BaseClass" name="@AfterMethod afterMethod" time="-1.688103198044E9">
    <skipped/>
  </testcase> <!-- @AfterMethod afterMethod -->
  <testcase classname="Generic_utility.BaseClass" name="@AfterClass afterClass" time="-1.688103198047E9">
    <skipped/>
  </testcase> <!-- @AfterClass afterClass -->
  <testcase classname="Organization.CreateOrganizationTest" name="createOrganizationTest" time="0.0">
    <skipped/>
  </testcase> <!-- createOrganizationTest -->
</testsuite> <!-- Test -->
